com.hrm.scripts.ImplicitLoginScenario 2017-01-16 21:53:18,647 com.hrm.common.BaseTest.initFrameWork(BaseTest.java:52) initializing ExtentReport 
com.hrm.scripts.ImplicitLoginScenario 2017-01-16 21:53:19,070 com.hrm.common.BaseTest.initBrowser(BaseTest.java:72) Execution started on Browser:firefox 
com.hrm.scripts.ImplicitLoginScenario 2017-01-16 21:53:19,080 com.hrm.common.BaseTest.initApplication(BaseTest.java:85) Browser:firefox 
com.hrm.scripts.ImplicitLoginScenario 2017-01-16 21:53:39,854 com.hrm.common.BaseTest.initApplication(BaseTest.java:94) TimeOut:20 
com.hrm.scripts.ImplicitLoginScenario 2017-01-16 21:53:39,931 com.hrm.common.BaseTest.preCondition(BaseTest.java:109) implicit login 
com.hrm.scripts.ImplicitLoginScenario 2017-01-16 21:53:47,182 com.hrm.scripts.ImplicitLoginScenario.testLoginScenario(ImplicitLoginScenario.java:10) This is from ImplicitLoginScenario 
com.hrm.scripts.ImplicitLoginScenario 2017-01-16 21:53:47,188 com.hrm.common.BaseTest.postCondition(BaseTest.java:125) implicit logout 
com.hrm.scripts.ImplicitLoginScenario 2017-01-16 22:25:46,353 com.hrm.common.BaseTest.initFrameWork(BaseTest.java:52) initializing ExtentReport 
com.hrm.scripts.ImplicitLoginScenario 2017-01-16 22:25:46,827 com.hrm.common.BaseTest.initBrowser(BaseTest.java:72) Execution started on Browser:firefox 
com.hrm.scripts.ImplicitLoginScenario 2017-01-16 22:25:46,857 com.hrm.common.BaseTest.initApplication(BaseTest.java:85) Browser:firefox 
com.hrm.scripts.ImplicitLoginScenario 2017-01-16 22:26:13,590 com.hrm.common.BaseTest.initApplication(BaseTest.java:94) TimeOut:20 
com.hrm.scripts.ImplicitLoginScenario 2017-01-16 22:26:13,652 com.hrm.common.BaseTest.preCondition(BaseTest.java:109) implicit login 
com.hrm.scripts.ImplicitLoginScenario 2017-01-16 22:26:18,483 com.hrm.scripts.ImplicitLoginScenario.testLoginScenario(ImplicitLoginScenario.java:10) This is from ImplicitLoginScenario 
com.hrm.scripts.ImplicitLoginScenario 2017-01-16 22:26:18,485 com.hrm.common.BaseTest.postCondition(BaseTest.java:125) implicit logout 
com.hrm.scripts.ImplicitLoginScenario 2017-01-16 22:26:23,584 com.hrm.common.BaseTest.closeBrowser(BaseTest.java:79) Execution completed on Browser:firefox 
com.hrm.scripts.ImplicitLoginScenario 2017-01-16 22:26:23,865 com.hrm.common.BaseTest.closeFrameWork(BaseTest.java:65) finalizing ExtentReport 
com.hrm.scripts.ImplicitLoginScenario 2017-01-16 22:29:36,349 com.hrm.common.BaseTest.initFrameWork(BaseTest.java:52) initializing ExtentReport 
com.hrm.scripts.ImplicitLoginScenario 2017-01-16 22:29:36,830 com.hrm.common.BaseTest.initBrowser(BaseTest.java:72) Execution started on Browser:firefox 
com.hrm.scripts.ImplicitLoginScenario 2017-01-16 22:29:36,838 com.hrm.common.BaseTest.initApplication(BaseTest.java:85) Browser:firefox 
com.hrm.scripts.ImplicitLoginScenario 2017-01-16 22:29:59,026 com.hrm.common.BaseTest.initApplication(BaseTest.java:94) TimeOut:20 
com.hrm.scripts.ImplicitLoginScenario 2017-01-16 22:29:59,098 com.hrm.common.BaseTest.preCondition(BaseTest.java:117) explicit login required 
com.hrm.scripts.ImplicitLoginScenario 2017-01-16 22:29:59,114 com.hrm.scripts.ImplicitLoginScenario.testLoginScenario(ImplicitLoginScenario.java:10) This is from ImplicitLoginScenario 
com.hrm.scripts.ImplicitLoginScenario 2017-01-16 22:29:59,119 com.hrm.common.BaseTest.postCondition(BaseTest.java:132) explicit logout required 
com.hrm.scripts.ExplicitLoginScenario 2017-01-16 22:30:00,332 com.hrm.common.BaseTest.initApplication(BaseTest.java:85) Browser:firefox 
com.hrm.scripts.ExplicitLoginScenario 2017-01-16 22:31:21,863 com.hrm.common.BaseTest.initApplication(BaseTest.java:94) TimeOut:20 
com.hrm.scripts.ExplicitLoginScenario 2017-01-16 22:31:21,934 com.hrm.common.BaseTest.preCondition(BaseTest.java:109) implicit login 
com.hrm.scripts.ExplicitLoginScenario 2017-01-16 22:31:28,857 com.hrm.scripts.ExplicitLoginScenario.testLoginScenario(ExplicitLoginScenario.java:14) This is from ExplicitLoginScenario 
com.hrm.scripts.ExplicitLoginScenario 2017-01-16 22:31:28,861 com.hrm.common.BaseTest.postCondition(BaseTest.java:125) implicit logout 
com.hrm.scripts.ExplicitLoginScenario 2017-01-16 22:33:58,567 com.hrm.common.BaseTest.initFrameWork(BaseTest.java:52) initializing ExtentReport 
com.hrm.scripts.ExplicitLoginScenario 2017-01-16 22:33:58,897 com.hrm.common.BaseTest.initBrowser(BaseTest.java:72) Execution started on Browser:firefox 
com.hrm.scripts.ExplicitLoginScenario 2017-01-16 22:33:58,905 com.hrm.common.BaseTest.initApplication(BaseTest.java:85) Browser:firefox 
com.hrm.scripts.ExplicitLoginScenario 2017-01-16 22:34:18,954 com.hrm.common.BaseTest.initApplication(BaseTest.java:94) TimeOut:20 
com.hrm.scripts.ExplicitLoginScenario 2017-01-16 22:34:19,044 com.hrm.common.BaseTest.preCondition(BaseTest.java:117) explicit login required 
com.hrm.scripts.ExplicitLoginScenario 2017-01-16 22:34:19,060 com.hrm.scripts.ExplicitLoginScenario.testLoginScenario(ExplicitLoginScenario.java:14) This is from ExplicitLoginScenario 
com.hrm.scripts.ExplicitLoginScenario 2017-01-16 22:34:19,067 com.hrm.common.BaseTest.postCondition(BaseTest.java:132) explicit logout required 
com.hrm.scripts.ImplicitLoginScenario 2017-01-16 22:34:20,175 com.hrm.common.BaseTest.initApplication(BaseTest.java:85) Browser:firefox 
com.hrm.scripts.ImplicitLoginScenario 2017-01-16 22:34:36,075 com.hrm.common.BaseTest.initApplication(BaseTest.java:94) TimeOut:20 
com.hrm.scripts.ImplicitLoginScenario 2017-01-16 22:34:36,137 com.hrm.common.BaseTest.preCondition(BaseTest.java:109) implicit login 
com.hrm.scripts.ImplicitLoginScenario 2017-01-16 22:34:42,676 com.hrm.scripts.ImplicitLoginScenario.testLoginScenario(ImplicitLoginScenario.java:10) This is from ImplicitLoginScenario 
com.hrm.scripts.ImplicitLoginScenario 2017-01-16 22:34:42,684 com.hrm.common.BaseTest.postCondition(BaseTest.java:125) implicit logout 
com.hrm.scripts.ExplicitLoginScenario 2017-01-16 22:34:47,003 com.hrm.common.BaseTest.closeBrowser(BaseTest.java:79) Execution completed on Browser:firefox 
com.hrm.scripts.ExplicitLoginScenario 2017-01-16 22:34:47,107 com.hrm.common.BaseTest.closeFrameWork(BaseTest.java:65) finalizing ExtentReport 
com.hrm.scripts.VerifyLogo 2017-01-17 08:15:26,723 com.hrm.common.BaseTest.initFrameWork(BaseTest.java:53) initializing ExtentReport 
com.hrm.scripts.VerifyLogo 2017-01-17 08:15:27,245 com.hrm.common.BaseTest.initBrowser(BaseTest.java:73) Execution started on Browser:firefox 
com.hrm.scripts.VerifyLogo 2017-01-17 08:15:27,260 com.hrm.common.BaseTest.initApplication(BaseTest.java:85) Browser:firefox 
com.hrm.scripts.VerifyLogo 2017-01-17 08:15:46,549 com.hrm.common.BaseTest.initApplication(BaseTest.java:94) TimeOut:20 
com.hrm.scripts.VerifyLogo 2017-01-17 08:15:46,658 com.hrm.common.BaseTest.preCondition(BaseTest.java:117) explicit login required 
com.hrm.scripts.VerifyLogo 2017-01-17 08:15:50,069 com.hrm.common.BaseTest.postCondition(BaseTest.java:132) explicit logout required 
com.hrm.scripts.VerifyLogo 2017-01-17 08:15:52,506 com.hrm.common.BaseTest.closeBrowser(BaseTest.java:79) Execution completed on Browser:firefox 
com.hrm.scripts.VerifyLogo 2017-01-17 08:15:52,984 com.hrm.common.BaseTest.closeFrameWork(BaseTest.java:66) finalizing ExtentReport 
com.hrm.scripts.VerifyLoginLogout 2017-01-17 08:23:39,345 com.hrm.common.BaseTest.initFrameWork(BaseTest.java:53) initializing ExtentReport 
com.hrm.scripts.VerifyLoginLogout 2017-01-17 08:23:39,831 com.hrm.common.BaseTest.initBrowser(BaseTest.java:73) Execution started on Browser:firefox 
com.hrm.scripts.VerifyLoginLogout 2017-01-17 08:23:39,869 com.hrm.common.BaseTest.initApplication(BaseTest.java:85) Browser:firefox 
com.hrm.scripts.VerifyLoginLogout 2017-01-17 08:23:58,992 com.hrm.common.BaseTest.initApplication(BaseTest.java:94) TimeOut:20 
com.hrm.scripts.VerifyLoginLogout 2017-01-17 08:23:59,117 com.hrm.common.BaseTest.preCondition(BaseTest.java:117) explicit login required 
com.hrm.scripts.VerifyLoginLogout 2017-01-17 08:24:10,285 com.hrm.common.BaseTest.postCondition(BaseTest.java:132) explicit logout required 
com.hrm.scripts.VerifyLoginLogout 2017-01-17 08:24:11,516 com.hrm.common.BaseTest.closeBrowser(BaseTest.java:79) Execution completed on Browser:firefox 
com.hrm.scripts.VerifyLoginLogout 2017-01-17 08:24:11,613 com.hrm.common.BaseTest.closeFrameWork(BaseTest.java:66) finalizing ExtentReport 
com.hrm.scripts.VerifyLoginLogout 2017-01-17 13:05:38,965 com.hrm.common.BaseTest.initFrameWork(BaseTest.java:53) initializing ExtentReport 
com.hrm.scripts.VerifyLoginLogout 2017-01-17 13:05:39,179 com.hrm.common.BaseTest.initBrowser(BaseTest.java:73) Execution started on Browser:firefox 
com.hrm.scripts.VerifyLoginLogout 2017-01-17 13:05:39,192 com.hrm.common.BaseTest.initApplication(BaseTest.java:85) Browser:firefox 
com.hrm.scripts.VerifyLoginLogout 2017-01-17 13:10:02,751 com.hrm.common.BaseTest.initFrameWork(BaseTest.java:53) initializing ExtentReport 
com.hrm.scripts.VerifyLoginLogout 2017-01-17 13:10:02,971 com.hrm.common.BaseTest.initBrowser(BaseTest.java:73) Execution started on Browser:firefox 
com.hrm.scripts.VerifyLoginLogout 2017-01-17 13:10:02,982 com.hrm.common.BaseTest.initApplication(BaseTest.java:85) Browser:firefox 
com.hrm.scripts.VerifyLoginLogout 2017-01-17 13:11:20,794 com.hrm.common.BaseTest.initFrameWork(BaseTest.java:53) initializing ExtentReport 
com.hrm.scripts.VerifyLoginLogout 2017-01-17 13:11:21,027 com.hrm.common.BaseTest.initBrowser(BaseTest.java:73) Execution started on Browser:firefox 
com.hrm.scripts.VerifyLoginLogout 2017-01-17 13:11:21,041 com.hrm.common.BaseTest.initApplication(BaseTest.java:85) Browser:firefox 
com.hrm.scripts.ExplicitLoginScenario 2017-01-17 13:11:43,990 com.hrm.common.BaseTest.initFrameWork(BaseTest.java:53) initializing ExtentReport 
com.hrm.scripts.ExplicitLoginScenario 2017-01-17 13:11:44,222 com.hrm.common.BaseTest.initBrowser(BaseTest.java:73) Execution started on Browser:chrome 
com.hrm.scripts.ExplicitLoginScenario 2017-01-17 13:11:44,236 com.hrm.common.BaseTest.initApplication(BaseTest.java:85) Browser:chrome 
com.hrm.scripts.ExplicitLoginScenario 2017-01-17 13:12:20,073 com.hrm.common.BaseTest.initFrameWork(BaseTest.java:53) initializing ExtentReport 
com.hrm.scripts.ExplicitLoginScenario 2017-01-17 13:12:20,295 com.hrm.common.BaseTest.initBrowser(BaseTest.java:73) Execution started on Browser:chrome 
com.hrm.scripts.ExplicitLoginScenario 2017-01-17 13:12:20,309 com.hrm.common.BaseTest.initApplication(BaseTest.java:85) Browser:chrome 
com.hrm.scripts.VerifyLoginLogout 2017-01-17 13:14:08,859 com.hrm.common.BaseTest.initFrameWork(BaseTest.java:53) initializing ExtentReport 
com.hrm.scripts.VerifyLoginLogout 2017-01-17 13:14:09,515 com.hrm.common.BaseTest.initBrowser(BaseTest.java:73) Execution started on Browser:firefox 
com.hrm.scripts.VerifyLoginLogout 2017-01-17 13:14:09,527 com.hrm.common.BaseTest.initApplication(BaseTest.java:85) Browser:firefox 
com.hrm.scripts.VerifyLoginLogout 2017-01-17 13:14:49,660 com.hrm.common.BaseTest.initFrameWork(BaseTest.java:53) initializing ExtentReport 
com.hrm.scripts.VerifyLoginLogout 2017-01-17 13:14:50,189 com.hrm.common.BaseTest.initBrowser(BaseTest.java:73) Execution started on Browser:firefox 
com.hrm.scripts.VerifyLoginLogout 2017-01-17 13:14:50,200 com.hrm.common.BaseTest.initApplication(BaseTest.java:85) Browser:firefox 
com.hrm.scripts.VerifyLoginLogout 2017-01-17 13:18:08,674 com.hrm.common.BaseTest.initFrameWork(BaseTest.java:53) initializing ExtentReport 
com.hrm.scripts.VerifyLoginLogout 2017-01-17 13:18:09,126 com.hrm.common.BaseTest.initBrowser(BaseTest.java:73) Execution started on Browser:firefox 
com.hrm.scripts.VerifyLoginLogout 2017-01-17 13:18:09,138 com.hrm.common.BaseTest.initApplication(BaseTest.java:85) Browser:firefox 
com.hrm.scripts.VerifyLoginLogout 2017-01-17 13:18:21,368 com.hrm.common.BaseTest.initApplication(BaseTest.java:97) TimeOut:20 
com.hrm.scripts.VerifyLoginLogout 2017-01-17 13:18:21,563 com.hrm.common.BaseTest.preCondition(BaseTest.java:120) explicit login required 
com.hrm.scripts.VerifyLoginLogout 2017-01-17 13:18:31,408 com.hrm.common.BaseTest.postCondition(BaseTest.java:135) explicit logout required 
com.hrm.scripts.ImplicitLoginScenario 2017-01-17 13:19:21,836 com.hrm.common.BaseTest.initFrameWork(BaseTest.java:53) initializing ExtentReport 
com.hrm.scripts.ImplicitLoginScenario 2017-01-17 13:19:22,283 com.hrm.common.BaseTest.initBrowser(BaseTest.java:73) Execution started on Browser:firefox 
com.hrm.scripts.ImplicitLoginScenario 2017-01-17 13:19:22,292 com.hrm.common.BaseTest.initApplication(BaseTest.java:85) Browser:firefox 
com.hrm.scripts.ImplicitLoginScenario 2017-01-17 13:19:32,615 com.hrm.common.BaseTest.initApplication(BaseTest.java:97) TimeOut:20 
com.hrm.scripts.ImplicitLoginScenario 2017-01-17 13:19:32,828 com.hrm.common.BaseTest.preCondition(BaseTest.java:112) implicit login 
com.hrm.scripts.ImplicitLoginScenario 2017-01-17 13:22:25,165 com.hrm.common.BaseTest.initFrameWork(BaseTest.java:53) initializing ExtentReport 
com.hrm.scripts.ImplicitLoginScenario 2017-01-17 13:22:25,611 com.hrm.common.BaseTest.initBrowser(BaseTest.java:73) Execution started on Browser:firefox 
com.hrm.scripts.ImplicitLoginScenario 2017-01-17 13:22:25,619 com.hrm.common.BaseTest.initApplication(BaseTest.java:85) Browser:firefox 
com.hrm.scripts.ImplicitLoginScenario 2017-01-17 13:22:35,919 com.hrm.common.BaseTest.initApplication(BaseTest.java:97) TimeOut:20 
com.hrm.scripts.ImplicitLoginScenario 2017-01-17 13:22:36,140 com.hrm.common.BaseTest.preCondition(BaseTest.java:112) implicit login 
com.hrm.scripts.ImplicitLoginScenario 2017-01-17 13:24:42,938 com.hrm.common.BaseTest.initFrameWork(BaseTest.java:53) initializing ExtentReport 
com.hrm.scripts.ImplicitLoginScenario 2017-01-17 13:24:43,381 com.hrm.common.BaseTest.initBrowser(BaseTest.java:73) Execution started on Browser:firefox 
com.hrm.scripts.ImplicitLoginScenario 2017-01-17 13:24:43,392 com.hrm.common.BaseTest.initApplication(BaseTest.java:85) Browser:firefox 
com.hrm.scripts.ImplicitLoginScenario 2017-01-17 13:24:53,876 com.hrm.common.BaseTest.initApplication(BaseTest.java:97) TimeOut:20 
com.hrm.scripts.ImplicitLoginScenario 2017-01-17 13:24:54,099 com.hrm.common.BaseTest.preCondition(BaseTest.java:112) implicit login 
com.hrm.scripts.ImplicitLoginScenario 2017-01-17 13:24:58,522 com.hrm.scripts.ImplicitLoginScenario.testLoginScenario(ImplicitLoginScenario.java:10) This is from ImplicitLoginScenario 
com.hrm.scripts.ImplicitLoginScenario 2017-01-17 13:24:58,528 com.hrm.common.BaseTest.postCondition(BaseTest.java:128) implicit logout 
com.hrm.scripts.ImplicitLoginScenario 2017-01-17 13:25:02,269 com.hrm.common.BaseTest.closeBrowser(BaseTest.java:79) Execution completed on Browser:firefox 
com.hrm.scripts.ImplicitLoginScenario 2017-01-17 13:25:02,387 com.hrm.common.BaseTest.closeFrameWork(BaseTest.java:66) finalizing ExtentReport 
com.hrm.scripts.VerifyLoginLogout 2017-01-17 13:31:10,710 com.hrm.common.BaseTest.initFrameWork(BaseTest.java:53) initializing ExtentReport 
com.hrm.scripts.VerifyLoginLogout 2017-01-17 13:31:11,135 com.hrm.common.BaseTest.initBrowser(BaseTest.java:73) Execution started on Browser:firefox 
com.hrm.scripts.VerifyLoginLogout 2017-01-17 13:31:11,144 com.hrm.common.BaseTest.initApplication(BaseTest.java:85) Browser:firefox 
com.hrm.scripts.VerifyLoginLogout 2017-01-17 13:31:21,913 com.hrm.common.BaseTest.initApplication(BaseTest.java:97) TimeOut:20 
com.hrm.scripts.VerifyLoginLogout 2017-01-17 13:31:22,120 com.hrm.common.BaseTest.preCondition(BaseTest.java:120) explicit login required 
com.hrm.scripts.VerifyLoginLogout 2017-01-17 13:31:34,866 com.hrm.common.BaseTest.postCondition(BaseTest.java:135) explicit logout required 
com.hrm.scripts.VerifyLoginLogout 2017-01-17 13:31:36,730 com.hrm.common.BaseTest.closeBrowser(BaseTest.java:79) Execution completed on Browser:firefox 
com.hrm.scripts.VerifyLoginLogout 2017-01-17 13:31:36,866 com.hrm.common.BaseTest.closeFrameWork(BaseTest.java:66) finalizing ExtentReport 
com.hrm.scripts.VerifyLogo 2017-01-17 13:32:08,468 com.hrm.common.BaseTest.initFrameWork(BaseTest.java:53) initializing ExtentReport 
com.hrm.scripts.VerifyLogo 2017-01-17 13:32:08,928 com.hrm.common.BaseTest.initBrowser(BaseTest.java:73) Execution started on Browser:firefox 
com.hrm.scripts.VerifyLogo 2017-01-17 13:32:08,937 com.hrm.common.BaseTest.initApplication(BaseTest.java:85) Browser:firefox 
com.hrm.scripts.VerifyLogo 2017-01-17 13:32:19,325 com.hrm.common.BaseTest.initApplication(BaseTest.java:97) TimeOut:20 
com.hrm.scripts.VerifyLogo 2017-01-17 13:32:19,614 com.hrm.common.BaseTest.preCondition(BaseTest.java:120) explicit login required 
com.hrm.scripts.VerifyLogo 2017-01-17 13:32:20,788 com.hrm.common.BaseTest.postCondition(BaseTest.java:135) explicit logout required 
com.hrm.scripts.VerifyLogo 2017-01-17 13:32:22,790 com.hrm.common.BaseTest.closeBrowser(BaseTest.java:79) Execution completed on Browser:firefox 
com.hrm.scripts.VerifyLogo 2017-01-17 13:32:22,865 com.hrm.common.BaseTest.closeFrameWork(BaseTest.java:66) finalizing ExtentReport 
com.hrm.scripts.VerifyLogo 2017-01-17 13:33:25,367 com.hrm.common.BaseTest.initFrameWork(BaseTest.java:53) initializing ExtentReport 
com.hrm.scripts.VerifyLogo 2017-01-17 13:33:25,814 com.hrm.common.BaseTest.initBrowser(BaseTest.java:73) Execution started on Browser:firefox 
com.hrm.scripts.VerifyLogo 2017-01-17 13:33:25,823 com.hrm.common.BaseTest.initApplication(BaseTest.java:85) Browser:firefox 
com.hrm.scripts.VerifyLogo 2017-01-17 13:33:35,997 com.hrm.common.BaseTest.initApplication(BaseTest.java:97) TimeOut:20 
com.hrm.scripts.VerifyLogo 2017-01-17 13:33:36,223 com.hrm.common.BaseTest.preCondition(BaseTest.java:120) explicit login required 
com.hrm.scripts.VerifyLogo 2017-01-17 13:33:37,151 com.hrm.common.BaseTest.postCondition(BaseTest.java:135) explicit logout required 
com.hrm.scripts.VerifyLogo 2017-01-17 13:33:38,852 com.hrm.common.BaseTest.closeBrowser(BaseTest.java:79) Execution completed on Browser:firefox 
com.hrm.scripts.VerifyLogo 2017-01-17 13:33:38,928 com.hrm.common.BaseTest.closeFrameWork(BaseTest.java:66) finalizing ExtentReport 
com.hrm.scripts.HomePage_PIM_AddEmployee 2017-01-23 18:47:06,796 com.hrm.common.BaseTest.initFrameWork(BaseTest.java:55) initializing ExtentReport 
com.hrm.scripts.HomePage_PIM_AddEmployee 2017-01-23 18:47:07,617 com.hrm.common.BaseTest.initBrowser(BaseTest.java:75) Execution started on Browser:firefox 
com.hrm.scripts.HomePage_PIM_AddEmployee 2017-01-23 18:47:07,648 com.hrm.common.BaseTest.initApplication(BaseTest.java:87) Browser:firefox 
com.hrm.scripts.HomePage_PIM_AddEmployee 2017-01-23 18:47:36,548 com.hrm.common.BaseTest.initApplication(BaseTest.java:99) TimeOut:20 
com.hrm.scripts.HomePage_PIM_AddEmployee 2017-01-23 18:47:37,015 com.hrm.common.BaseTest.preCondition(BaseTest.java:114) implicit login 
com.hrm.scripts.HomePage_PIM_AddEmployee 2017-01-23 18:47:50,696 com.hrm.common.BaseTest.postCondition(BaseTest.java:130) implicit logout 
com.hrm.scripts.HomePage_PIM_AddEmployee 2017-01-23 18:47:57,386 com.hrm.common.BaseTest.closeBrowser(BaseTest.java:81) Execution completed on Browser:firefox 
com.hrm.scripts.HomePage_PIM_AddEmployee 2017-01-23 18:47:58,224 com.hrm.common.BaseTest.closeFrameWork(BaseTest.java:68) finalizing ExtentReport 
com.hrm.scripts.HomePage_PIM_AddEmployee 2017-01-26 21:30:31,391 com.hrm.common.BaseTest.initFrameWork(BaseTest.java:55) initializing ExtentReport 
com.hrm.scripts.HomePage_PIM_AddEmployee 2017-01-26 21:30:32,324 com.hrm.common.BaseTest.initBrowser(BaseTest.java:75) Execution started on Browser:firefox 
com.hrm.scripts.HomePage_PIM_AddEmployee 2017-01-26 21:30:32,354 com.hrm.common.BaseTest.initApplication(BaseTest.java:87) Browser:firefox 
com.hrm.scripts.HomePage_PIM_AddEmployee 2017-01-26 21:31:00,468 com.hrm.common.BaseTest.initApplication(BaseTest.java:99) TimeOut:20 
com.hrm.scripts.HomePage_PIM_AddEmployee 2017-01-26 21:31:01,008 com.hrm.common.BaseTest.preCondition(BaseTest.java:114) implicit login 
com.hrm.scripts.HomePage_PIM_AddEmployee 2017-01-26 21:31:18,357 com.hrm.common.BaseTest.postCondition(BaseTest.java:130) implicit logout 
com.hrm.scripts.HomePage_PIM_AddEmployee 2017-01-26 21:31:23,923 com.hrm.common.BaseTest.closeBrowser(BaseTest.java:81) Execution completed on Browser:firefox 
com.hrm.scripts.HomePage_PIM_AddEmployee 2017-01-26 21:31:24,271 com.hrm.common.BaseTest.closeFrameWork(BaseTest.java:68) finalizing ExtentReport 
com.hrm.scripts.HomePage_PIM_AddEmployee 2017-01-26 21:32:32,827 com.hrm.common.BaseTest.initFrameWork(BaseTest.java:55) initializing ExtentReport 
com.hrm.scripts.HomePage_PIM_AddEmployee 2017-01-26 21:32:33,239 com.hrm.common.BaseTest.initBrowser(BaseTest.java:75) Execution started on Browser:firefox 
com.hrm.scripts.HomePage_PIM_AddEmployee 2017-01-26 21:32:33,248 com.hrm.common.BaseTest.initApplication(BaseTest.java:87) Browser:firefox 
com.hrm.scripts.HomePage_PIM_AddEmployee 2017-01-26 21:32:42,935 com.hrm.common.BaseTest.initApplication(BaseTest.java:99) TimeOut:20 
com.hrm.scripts.HomePage_PIM_AddEmployee 2017-01-26 21:32:43,135 com.hrm.common.BaseTest.preCondition(BaseTest.java:114) implicit login 
com.hrm.scripts.HomePage_PIM_AddEmployee 2017-01-26 21:32:52,415 com.hrm.common.BaseTest.postCondition(BaseTest.java:130) implicit logout 
com.hrm.scripts.HomePage_PIM_AddEmployee 2017-01-26 21:32:56,859 com.hrm.common.BaseTest.closeBrowser(BaseTest.java:81) Execution completed on Browser:firefox 
com.hrm.scripts.HomePage_PIM_AddEmployee 2017-01-26 21:32:56,917 com.hrm.common.BaseTest.closeFrameWork(BaseTest.java:68) finalizing ExtentReport 
com.hrm.scripts.ExplicitLoginScenario 2017-02-06 22:58:30,334 com.hrm.common.BaseTest.initFrameWork(BaseTest.java:55) initializing ExtentReport 
com.hrm.scripts.ExplicitLoginScenario 2017-02-06 22:58:31,726 com.hrm.common.BaseTest.initBrowser(BaseTest.java:75) Execution started on Browser:chrome 
com.hrm.scripts.ExplicitLoginScenario 2017-02-06 22:58:31,807 com.hrm.common.BaseTest.initApplication(BaseTest.java:87) Browser:chrome 
com.hrm.scripts.ExplicitLoginScenario 2017-02-06 23:00:39,311 com.hrm.common.BaseTest.initFrameWork(BaseTest.java:55) initializing ExtentReport 
com.hrm.scripts.ExplicitLoginScenario 2017-02-06 23:00:39,889 com.hrm.common.BaseTest.initBrowser(BaseTest.java:75) Execution started on Browser:firefox 
com.hrm.scripts.ExplicitLoginScenario 2017-02-06 23:00:39,904 com.hrm.common.BaseTest.initApplication(BaseTest.java:87) Browser:firefox 
com.hrm.scripts.ExplicitLoginScenario 2017-02-06 23:01:23,898 com.hrm.common.BaseTest.initApplication(BaseTest.java:99) TimeOut:20 
com.hrm.scripts.ExplicitLoginScenario 2017-02-06 23:01:24,211 com.hrm.common.BaseTest.preCondition(BaseTest.java:122) explicit login required 
com.hrm.scripts.ExplicitLoginScenario 2017-02-06 23:01:24,225 com.hrm.scripts.ExplicitLoginScenario.testLoginScenario(ExplicitLoginScenario.java:14) This is from ExplicitLoginScenario 
com.hrm.scripts.ExplicitLoginScenario 2017-02-06 23:01:24,236 com.hrm.common.BaseTest.postCondition(BaseTest.java:137) explicit logout required 
com.hrm.scripts.ImplicitLoginScenario 2017-02-06 23:01:27,189 com.hrm.common.BaseTest.initApplication(BaseTest.java:87) Browser:firefox 
com.hrm.scripts.ImplicitLoginScenario 2017-02-06 23:01:38,554 com.hrm.common.BaseTest.initApplication(BaseTest.java:99) TimeOut:20 
com.hrm.scripts.ImplicitLoginScenario 2017-02-06 23:01:38,568 com.hrm.common.BaseTest.preCondition(BaseTest.java:114) implicit login 
com.hrm.scripts.ImplicitLoginScenario 2017-02-06 23:01:45,484 com.hrm.scripts.ImplicitLoginScenario.testLoginScenario(ImplicitLoginScenario.java:10) This is from ImplicitLoginScenario 
com.hrm.scripts.ImplicitLoginScenario 2017-02-06 23:01:45,491 com.hrm.common.BaseTest.postCondition(BaseTest.java:130) implicit logout 
com.hrm.scripts.VerifyLoginLogout 2017-02-10 15:50:59,298 com.hrm.common.BaseTest.initFrameWork(BaseTest.java:55) initializing ExtentReport 
com.hrm.scripts.VerifyLoginLogout 2017-02-10 15:50:59,989 com.hrm.common.BaseTest.initBrowser(BaseTest.java:75) Execution started on Browser:firefox 
com.hrm.scripts.VerifyLoginLogout 2017-02-10 15:50:59,999 com.hrm.common.BaseTest.initApplication(BaseTest.java:87) Browser:firefox 
com.hrm.scripts.VerifyLoginLogout 2017-02-10 15:51:12,663 com.hrm.common.BaseTest.initApplication(BaseTest.java:99) TimeOut:20 
com.hrm.scripts.VerifyLoginLogout 2017-02-10 15:51:12,927 com.hrm.common.BaseTest.preCondition(BaseTest.java:122) explicit login required 
com.hrm.scripts.VerifyLoginLogout 2017-02-10 15:51:27,613 com.hrm.common.BaseTest.postCondition(BaseTest.java:137) explicit logout required 
com.hrm.scripts.VerifyLoginLogout 2017-02-10 15:51:29,825 com.hrm.common.BaseTest.closeBrowser(BaseTest.java:81) Execution completed on Browser:firefox 
com.hrm.scripts.VerifyLoginLogout 2017-02-10 15:51:29,940 com.hrm.common.BaseTest.closeFrameWork(BaseTest.java:68) finalizing ExtentReport 
com.hrm.scripts.VerifyLoginLogout 2017-02-10 15:52:20,266 com.hrm.common.BaseTest.initFrameWork(BaseTest.java:55) initializing ExtentReport 
com.hrm.scripts.VerifyLoginLogout 2017-02-10 15:52:20,655 com.hrm.common.BaseTest.initBrowser(BaseTest.java:75) Execution started on Browser:firefox 
com.hrm.scripts.VerifyLoginLogout 2017-02-10 15:52:20,664 com.hrm.common.BaseTest.initApplication(BaseTest.java:87) Browser:firefox 
com.hrm.scripts.VerifyLoginLogout 2017-02-10 15:52:31,079 com.hrm.common.BaseTest.initApplication(BaseTest.java:99) TimeOut:20 
com.hrm.scripts.VerifyLoginLogout 2017-02-10 15:52:31,287 com.hrm.common.BaseTest.preCondition(BaseTest.java:122) explicit login required 
com.hrm.scripts.VerifyLoginLogout 2017-02-10 15:52:44,678 com.hrm.common.BaseTest.postCondition(BaseTest.java:137) explicit logout required 
com.hrm.scripts.VerifyLoginLogout 2017-02-10 15:52:46,801 com.hrm.common.BaseTest.closeBrowser(BaseTest.java:81) Execution completed on Browser:firefox 
com.hrm.scripts.VerifyLoginLogout 2017-02-10 15:52:46,918 com.hrm.common.BaseTest.closeFrameWork(BaseTest.java:68) finalizing ExtentReport 
com.hrm.scripts.VerifyLoginLogout 2017-02-10 16:01:49,091 com.hrm.common.BaseTest.initFrameWork(BaseTest.java:55) initializing ExtentReport 
com.hrm.scripts.VerifyLoginLogout 2017-02-10 16:01:49,846 com.hrm.common.BaseTest.initBrowser(BaseTest.java:75) Execution started on Browser:firefox 
com.hrm.scripts.VerifyLoginLogout 2017-02-10 16:01:49,855 com.hrm.common.BaseTest.initApplication(BaseTest.java:87) Browser:firefox 
com.hrm.scripts.VerifyLoginLogout 2017-02-10 16:02:01,179 com.hrm.common.BaseTest.initApplication(BaseTest.java:99) TimeOut:20 
com.hrm.scripts.VerifyLoginLogout 2017-02-10 16:02:01,412 com.hrm.common.BaseTest.preCondition(BaseTest.java:122) explicit login required 
com.hrm.scripts.VerifyLoginLogout 2017-02-10 16:02:17,630 com.hrm.common.BaseTest.postCondition(BaseTest.java:137) explicit logout required 
com.hrm.scripts.VerifyLoginLogout 2017-02-10 16:02:20,075 com.hrm.common.BaseTest.closeBrowser(BaseTest.java:81) Execution completed on Browser:firefox 
com.hrm.scripts.VerifyLoginLogout 2017-02-10 16:02:20,188 com.hrm.common.BaseTest.closeFrameWork(BaseTest.java:68) finalizing ExtentReport 
com.hrm.scripts.VerifyLoginLogout 2017-02-10 16:03:58,413 com.hrm.common.BaseTest.initFrameWork(BaseTest.java:55) initializing ExtentReport 
com.hrm.scripts.VerifyLoginLogout 2017-02-10 16:03:58,851 com.hrm.common.BaseTest.initBrowser(BaseTest.java:75) Execution started on Browser:firefox 
com.hrm.scripts.VerifyLoginLogout 2017-02-10 16:03:58,860 com.hrm.common.BaseTest.initApplication(BaseTest.java:87) Browser:firefox 
com.hrm.scripts.VerifyLoginLogout 2017-02-10 16:04:09,472 com.hrm.common.BaseTest.initApplication(BaseTest.java:99) TimeOut:20 
com.hrm.scripts.VerifyLoginLogout 2017-02-10 16:04:09,776 com.hrm.common.BaseTest.preCondition(BaseTest.java:122) explicit login required 
com.hrm.scripts.VerifyLoginLogout 2017-02-10 16:04:21,338 com.hrm.common.BaseTest.postCondition(BaseTest.java:137) explicit logout required 
com.hrm.scripts.VerifyLoginLogout 2017-02-10 16:04:23,234 com.hrm.common.BaseTest.closeBrowser(BaseTest.java:81) Execution completed on Browser:firefox 
com.hrm.scripts.VerifyLoginLogout 2017-02-10 16:04:23,286 com.hrm.common.BaseTest.closeFrameWork(BaseTest.java:68) finalizing ExtentReport 
com.hrm.scripts.HomePage_PIM_AddEmployee 2017-02-10 16:14:15,736 com.hrm.common.BaseTest.initFrameWork(BaseTest.java:55) initializing ExtentReport 
com.hrm.scripts.HomePage_PIM_AddEmployee 2017-02-10 16:14:16,156 com.hrm.common.BaseTest.initBrowser(BaseTest.java:75) Execution started on Browser:firefox 
com.hrm.scripts.HomePage_PIM_AddEmployee 2017-02-10 16:14:16,164 com.hrm.common.BaseTest.initApplication(BaseTest.java:87) Browser:firefox 
com.hrm.scripts.HomePage_PIM_AddEmployee 2017-02-10 16:14:26,527 com.hrm.common.BaseTest.initApplication(BaseTest.java:99) TimeOut:20 
com.hrm.scripts.HomePage_PIM_AddEmployee 2017-02-10 16:14:26,802 com.hrm.common.BaseTest.preCondition(BaseTest.java:114) implicit login 
com.hrm.scripts.HomePage_PIM_AddEmployee 2017-02-10 16:14:36,290 com.hrm.common.BaseTest.postCondition(BaseTest.java:130) implicit logout 
com.hrm.scripts.HomePage_PIM_AddEmployee 2017-02-10 16:14:40,858 com.hrm.common.BaseTest.closeBrowser(BaseTest.java:81) Execution completed on Browser:firefox 
com.hrm.scripts.HomePage_PIM_AddEmployee 2017-02-10 16:14:40,909 com.hrm.common.BaseTest.closeFrameWork(BaseTest.java:68) finalizing ExtentReport 
com.hrm.scripts.HomePage_PIM_AddEmployee 2017-02-10 16:15:42,621 com.hrm.common.BaseTest.initFrameWork(BaseTest.java:55) initializing ExtentReport 
com.hrm.scripts.HomePage_PIM_AddEmployee 2017-02-10 16:15:43,071 com.hrm.common.BaseTest.initBrowser(BaseTest.java:75) Execution started on Browser:firefox 
com.hrm.scripts.HomePage_PIM_AddEmployee 2017-02-10 16:15:43,079 com.hrm.common.BaseTest.initApplication(BaseTest.java:87) Browser:firefox 
com.hrm.scripts.HomePage_PIM_AddEmployee 2017-02-10 16:15:53,994 com.hrm.common.BaseTest.initApplication(BaseTest.java:99) TimeOut:20 
com.hrm.scripts.HomePage_PIM_AddEmployee 2017-02-10 16:15:54,211 com.hrm.common.BaseTest.preCondition(BaseTest.java:114) implicit login 
com.hrm.scripts.HomePage_PIM_AddEmployee 2017-02-10 16:16:02,738 com.hrm.common.BaseTest.postCondition(BaseTest.java:130) implicit logout 
com.hrm.scripts.HomePage_PIM_AddEmployee 2017-02-10 16:16:07,317 com.hrm.common.BaseTest.closeBrowser(BaseTest.java:81) Execution completed on Browser:firefox 
com.hrm.scripts.HomePage_PIM_AddEmployee 2017-02-10 16:16:07,370 com.hrm.common.BaseTest.closeFrameWork(BaseTest.java:68) finalizing ExtentReport 
com.hrm.scripts.VerifyLoginLogout 2017-02-10 16:18:19,480 com.hrm.common.BaseTest.initFrameWork(BaseTest.java:55) initializing ExtentReport 
com.hrm.scripts.VerifyLoginLogout 2017-02-10 16:18:19,915 com.hrm.common.BaseTest.initBrowser(BaseTest.java:75) Execution started on Browser:firefox 
com.hrm.scripts.VerifyLoginLogout 2017-02-10 16:18:19,929 com.hrm.common.BaseTest.initApplication(BaseTest.java:87) Browser:firefox 
com.hrm.scripts.VerifyLoginLogout 2017-02-10 16:18:30,917 com.hrm.common.BaseTest.initApplication(BaseTest.java:99) TimeOut:20 
com.hrm.scripts.VerifyLoginLogout 2017-02-10 16:18:31,113 com.hrm.common.BaseTest.preCondition(BaseTest.java:122) explicit login required 
com.hrm.scripts.VerifyLoginLogout 2017-02-10 16:18:49,919 com.hrm.common.BaseTest.postCondition(BaseTest.java:137) explicit logout required 
com.hrm.scripts.HomePage_PIM_AddEmployee 2017-02-10 16:18:51,791 com.hrm.common.BaseTest.initApplication(BaseTest.java:87) Browser:firefox 
com.hrm.scripts.HomePage_PIM_AddEmployee 2017-02-10 16:19:00,198 com.hrm.common.BaseTest.initApplication(BaseTest.java:99) TimeOut:20 
com.hrm.scripts.HomePage_PIM_AddEmployee 2017-02-10 16:19:00,216 com.hrm.common.BaseTest.preCondition(BaseTest.java:114) implicit login 
com.hrm.scripts.HomePage_PIM_AddEmployee 2017-02-10 16:19:08,324 com.hrm.common.BaseTest.postCondition(BaseTest.java:130) implicit logout 
com.hrm.scripts.VerifyLoginLogout 2017-02-10 16:19:11,931 com.hrm.common.BaseTest.closeBrowser(BaseTest.java:81) Execution completed on Browser:firefox 
com.hrm.scripts.VerifyLoginLogout 2017-02-10 16:19:12,060 com.hrm.common.BaseTest.closeFrameWork(BaseTest.java:68) finalizing ExtentReport 
com.hrm.scripts.VerifyLoginLogout 2017-02-10 16:19:42,230 com.hrm.common.BaseTest.initFrameWork(BaseTest.java:55) initializing ExtentReport 
com.hrm.scripts.VerifyLoginLogout 2017-02-10 16:19:42,659 com.hrm.common.BaseTest.initBrowser(BaseTest.java:75) Execution started on Browser:firefox 
com.hrm.scripts.VerifyLoginLogout 2017-02-10 16:19:42,670 com.hrm.common.BaseTest.initApplication(BaseTest.java:87) Browser:firefox 
com.hrm.scripts.VerifyLoginLogout 2017-02-10 16:19:52,634 com.hrm.common.BaseTest.initApplication(BaseTest.java:99) TimeOut:20 
com.hrm.scripts.VerifyLoginLogout 2017-02-10 16:19:52,853 com.hrm.common.BaseTest.preCondition(BaseTest.java:122) explicit login required 
com.hrm.scripts.VerifyLoginLogout 2017-02-10 16:20:12,276 com.hrm.common.BaseTest.postCondition(BaseTest.java:137) explicit logout required 
com.hrm.scripts.VerifyLoginLogout 2017-02-10 16:20:14,361 com.hrm.common.BaseTest.closeBrowser(BaseTest.java:81) Execution completed on Browser:firefox 
com.hrm.scripts.VerifyLoginLogout 2017-02-10 16:20:14,439 com.hrm.common.BaseTest.closeFrameWork(BaseTest.java:68) finalizing ExtentReport 
com.hrm.scripts.VerifyLoginLogout 2017-02-10 16:20:55,243 com.hrm.common.BaseTest.initFrameWork(BaseTest.java:55) initializing ExtentReport 
com.hrm.scripts.VerifyLoginLogout 2017-02-10 16:20:55,659 com.hrm.common.BaseTest.initBrowser(BaseTest.java:75) Execution started on Browser:firefox 
com.hrm.scripts.VerifyLoginLogout 2017-02-10 16:20:55,668 com.hrm.common.BaseTest.initApplication(BaseTest.java:87) Browser:firefox 
com.hrm.scripts.VerifyLoginLogout 2017-02-10 16:21:06,140 com.hrm.common.BaseTest.initApplication(BaseTest.java:99) TimeOut:20 
com.hrm.scripts.VerifyLoginLogout 2017-02-10 16:21:06,351 com.hrm.common.BaseTest.preCondition(BaseTest.java:122) explicit login required 
com.hrm.scripts.VerifyLoginLogout 2017-02-10 16:21:20,082 com.hrm.common.BaseTest.postCondition(BaseTest.java:137) explicit logout required 
com.hrm.scripts.VerifyLoginLogout 2017-02-10 16:21:21,874 com.hrm.common.BaseTest.closeBrowser(BaseTest.java:81) Execution completed on Browser:firefox 
com.hrm.scripts.VerifyLoginLogout 2017-02-10 16:21:21,933 com.hrm.common.BaseTest.closeFrameWork(BaseTest.java:68) finalizing ExtentReport 
com.hrm.scripts.VerifyLoginLogout 2017-02-10 16:21:38,541 com.hrm.common.BaseTest.initFrameWork(BaseTest.java:55) initializing ExtentReport 
com.hrm.scripts.VerifyLoginLogout 2017-02-10 16:21:39,019 com.hrm.common.BaseTest.initBrowser(BaseTest.java:75) Execution started on Browser:firefox 
com.hrm.scripts.VerifyLoginLogout 2017-02-10 16:21:39,032 com.hrm.common.BaseTest.initApplication(BaseTest.java:87) Browser:firefox 
com.hrm.scripts.VerifyLoginLogout 2017-02-10 16:21:48,940 com.hrm.common.BaseTest.initApplication(BaseTest.java:99) TimeOut:20 
com.hrm.scripts.VerifyLoginLogout 2017-02-10 16:21:49,255 com.hrm.common.BaseTest.preCondition(BaseTest.java:122) explicit login required 
com.hrm.scripts.VerifyLoginLogout 2017-02-10 16:22:03,097 com.hrm.common.BaseTest.postCondition(BaseTest.java:137) explicit logout required 
com.hrm.scripts.HomePage_PIM_AddEmployee 2017-02-10 16:22:04,981 com.hrm.common.BaseTest.initApplication(BaseTest.java:87) Browser:firefox 
com.hrm.scripts.HomePage_PIM_AddEmployee 2017-02-10 16:22:13,835 com.hrm.common.BaseTest.initApplication(BaseTest.java:99) TimeOut:20 
com.hrm.scripts.HomePage_PIM_AddEmployee 2017-02-10 16:22:13,851 com.hrm.common.BaseTest.preCondition(BaseTest.java:114) implicit login 
com.hrm.scripts.HomePage_PIM_AddEmployee 2017-02-10 16:22:20,205 com.hrm.common.BaseTest.postCondition(BaseTest.java:130) implicit logout 
com.hrm.scripts.VerifyLoginLogout 2017-02-10 16:22:23,336 com.hrm.common.BaseTest.closeBrowser(BaseTest.java:81) Execution completed on Browser:firefox 
com.hrm.scripts.VerifyLoginLogout 2017-02-10 16:22:23,394 com.hrm.common.BaseTest.closeFrameWork(BaseTest.java:68) finalizing ExtentReport 
com.hrm.scripts.VerifyLoginLogout 2017-02-10 16:27:38,046 com.hrm.common.BaseTest.initFrameWork(BaseTest.java:55) initializing ExtentReport 
com.hrm.scripts.VerifyLoginLogout 2017-02-10 16:27:38,560 com.hrm.common.BaseTest.initBrowser(BaseTest.java:75) Execution started on Browser:firefox 
com.hrm.scripts.VerifyLoginLogout 2017-02-10 16:27:38,574 com.hrm.common.BaseTest.initApplication(BaseTest.java:87) Browser:firefox 
com.hrm.scripts.VerifyLoginLogout 2017-02-10 16:27:48,694 com.hrm.common.BaseTest.initApplication(BaseTest.java:99) TimeOut:20 
com.hrm.scripts.VerifyLoginLogout 2017-02-10 16:27:48,949 com.hrm.common.BaseTest.preCondition(BaseTest.java:122) explicit login required 
com.hrm.scripts.VerifyLoginLogout 2017-02-10 16:28:03,425 com.hrm.common.BaseTest.postCondition(BaseTest.java:137) explicit logout required 
com.hrm.scripts.HomePage_PIM_AddEmployee 2017-02-10 16:28:05,292 com.hrm.common.BaseTest.initApplication(BaseTest.java:87) Browser:firefox 
com.hrm.scripts.HomePage_PIM_AddEmployee 2017-02-10 16:28:13,973 com.hrm.common.BaseTest.initApplication(BaseTest.java:99) TimeOut:20 
com.hrm.scripts.HomePage_PIM_AddEmployee 2017-02-10 16:28:13,988 com.hrm.common.BaseTest.preCondition(BaseTest.java:114) implicit login 
com.hrm.scripts.HomePage_PIM_AddEmployee 2017-02-10 16:28:21,958 com.hrm.common.BaseTest.postCondition(BaseTest.java:130) implicit logout 
com.hrm.scripts.VerifyLoginLogout 2017-02-10 16:28:25,701 com.hrm.common.BaseTest.closeBrowser(BaseTest.java:81) Execution completed on Browser:firefox 
com.hrm.scripts.VerifyLoginLogout 2017-02-10 16:28:25,766 com.hrm.common.BaseTest.closeFrameWork(BaseTest.java:68) finalizing ExtentReport 
com.hrm.scripts.VerifyLoginLogout 2017-02-10 16:30:30,501 com.hrm.common.BaseTest.initFrameWork(BaseTest.java:55) initializing ExtentReport 
com.hrm.scripts.VerifyLoginLogout 2017-02-10 16:30:31,026 com.hrm.common.BaseTest.initBrowser(BaseTest.java:75) Execution started on Browser:firefox 
com.hrm.scripts.VerifyLoginLogout 2017-02-10 16:30:31,038 com.hrm.common.BaseTest.initApplication(BaseTest.java:87) Browser:firefox 
com.hrm.scripts.VerifyLoginLogout 2017-02-10 16:30:42,072 com.hrm.common.BaseTest.initApplication(BaseTest.java:99) TimeOut:20 
com.hrm.scripts.VerifyLoginLogout 2017-02-10 16:30:42,273 com.hrm.common.BaseTest.preCondition(BaseTest.java:122) explicit login required 
com.hrm.scripts.VerifyLoginLogout 2017-02-10 16:30:56,017 com.hrm.common.BaseTest.postCondition(BaseTest.java:137) explicit logout required 
com.hrm.scripts.HomePage_PIM_AddEmployee 2017-02-10 16:30:57,900 com.hrm.common.BaseTest.initApplication(BaseTest.java:87) Browser:firefox 
com.hrm.scripts.HomePage_PIM_AddEmployee 2017-02-10 16:31:06,755 com.hrm.common.BaseTest.initApplication(BaseTest.java:99) TimeOut:20 
com.hrm.scripts.HomePage_PIM_AddEmployee 2017-02-10 16:31:06,770 com.hrm.common.BaseTest.preCondition(BaseTest.java:114) implicit login 
com.hrm.scripts.HomePage_PIM_AddEmployee 2017-02-10 16:31:12,808 com.hrm.common.BaseTest.postCondition(BaseTest.java:130) implicit logout 
com.hrm.scripts.VerifyLoginLogout 2017-02-10 16:31:16,656 com.hrm.common.BaseTest.closeBrowser(BaseTest.java:81) Execution completed on Browser:firefox 
com.hrm.scripts.VerifyLoginLogout 2017-02-10 16:31:16,713 com.hrm.common.BaseTest.closeFrameWork(BaseTest.java:68) finalizing ExtentReport 
com.hrm.scripts.VerifyLoginLogout 2017-02-10 17:11:57,316 com.hrm.common.BaseTest.initFrameWork(BaseTest.java:55) initializing ExtentReport 
com.hrm.scripts.VerifyLoginLogout 2017-02-10 17:11:57,836 com.hrm.common.BaseTest.initBrowser(BaseTest.java:75) Execution started on Browser:firefox 
com.hrm.scripts.VerifyLoginLogout 2017-02-10 17:11:57,849 com.hrm.common.BaseTest.initApplication(BaseTest.java:87) Browser:firefox 
com.hrm.scripts.VerifyLoginLogout 2017-02-10 17:12:07,950 com.hrm.common.BaseTest.initApplication(BaseTest.java:99) TimeOut:20 
com.hrm.scripts.VerifyLoginLogout 2017-02-10 17:12:08,167 com.hrm.common.BaseTest.preCondition(BaseTest.java:122) explicit login required 
com.hrm.scripts.VerifyLoginLogout 2017-02-10 17:12:22,463 com.hrm.common.BaseTest.postCondition(BaseTest.java:137) explicit logout required 
com.hrm.scripts.HomePage_PIM_AddEmployee 2017-02-10 17:12:24,510 com.hrm.common.BaseTest.initApplication(BaseTest.java:87) Browser:firefox 
com.hrm.scripts.HomePage_PIM_AddEmployee 2017-02-10 17:12:33,467 com.hrm.common.BaseTest.initApplication(BaseTest.java:99) TimeOut:20 
com.hrm.scripts.HomePage_PIM_AddEmployee 2017-02-10 17:12:33,490 com.hrm.common.BaseTest.preCondition(BaseTest.java:114) implicit login 
com.hrm.scripts.HomePage_PIM_AddEmployee 2017-02-10 17:12:39,660 com.hrm.common.BaseTest.postCondition(BaseTest.java:130) implicit logout 
com.hrm.scripts.VerifyLoginLogout 2017-02-10 17:12:43,452 com.hrm.common.BaseTest.closeBrowser(BaseTest.java:81) Execution completed on Browser:firefox 
com.hrm.scripts.VerifyLoginLogout 2017-02-10 17:12:43,508 com.hrm.common.BaseTest.closeFrameWork(BaseTest.java:68) finalizing ExtentReport 
com.hrm.scripts.VerifyLoginLogout 2017-02-10 17:22:12,141 com.hrm.common.BaseTest.initFrameWork(BaseTest.java:55) initializing ExtentReport 
com.hrm.scripts.VerifyLoginLogout 2017-02-10 17:22:12,649 com.hrm.common.BaseTest.initBrowser(BaseTest.java:75) Execution started on Browser:firefox 
com.hrm.scripts.VerifyLoginLogout 2017-02-10 17:22:12,669 com.hrm.common.BaseTest.initApplication(BaseTest.java:87) Browser:firefox 
com.hrm.scripts.VerifyLoginLogout 2017-02-10 17:22:23,154 com.hrm.common.BaseTest.initApplication(BaseTest.java:99) TimeOut:20 
com.hrm.scripts.VerifyLoginLogout 2017-02-10 17:22:23,380 com.hrm.common.BaseTest.preCondition(BaseTest.java:122) explicit login required 
com.hrm.scripts.VerifyLoginLogout 2017-02-10 17:22:38,243 com.hrm.common.BaseTest.postCondition(BaseTest.java:137) explicit logout required 
com.hrm.scripts.HomePage_PIM_AddEmployee 2017-02-10 17:22:40,657 com.hrm.common.BaseTest.initApplication(BaseTest.java:87) Browser:firefox 
com.hrm.scripts.HomePage_PIM_AddEmployee 2017-02-10 17:22:50,475 com.hrm.common.BaseTest.initApplication(BaseTest.java:99) TimeOut:20 
com.hrm.scripts.HomePage_PIM_AddEmployee 2017-02-10 17:22:50,492 com.hrm.common.BaseTest.preCondition(BaseTest.java:114) implicit login 
com.hrm.scripts.HomePage_PIM_AddEmployee 2017-02-10 17:22:59,233 com.hrm.common.BaseTest.postCondition(BaseTest.java:130) implicit logout 
com.hrm.scripts.VerifyLoginLogout 2017-02-10 17:23:03,103 com.hrm.common.BaseTest.closeBrowser(BaseTest.java:81) Execution completed on Browser:firefox 
com.hrm.scripts.VerifyLoginLogout 2017-02-10 17:23:03,583 com.hrm.common.BaseTest.closeFrameWork(BaseTest.java:68) finalizing ExtentReport 
